<?xml version="1.0" encoding="UTF-8" ?>
<testsuite tests="8" failures="4" name="TestSuite" time="226.572" errors="0" skipped="0">
  <properties>
    <property name="app" value=""/>
    <property name="java.runtime.name" value="Java(TM) SE Runtime Environment"/>
    <property name="sun.boot.library.path" value="C:\Program Files (x86)\Java\jdk1.8.0_66\jre\bin"/>
    <property name="java.vm.version" value="25.66-b18"/>
    <property name="java.vm.vendor" value="Oracle Corporation"/>
    <property name="java.vendor.url" value="http://java.oracle.com/"/>
    <property name="path.separator" value=";"/>
    <property name="java.vm.name" value="Java HotSpot(TM) Client VM"/>
    <property name="file.encoding.pkg" value="sun.io"/>
    <property name="user.script" value=""/>
    <property name="env" value="toolbelt"/>
    <property name="user.country" value="US"/>
    <property name="sun.java.launcher" value="SUN_STANDARD"/>
    <property name="sun.os.patch.level" value="Service Pack 1"/>
    <property name="java.vm.specification.name" value="Java Virtual Machine Specification"/>
    <property name="user.dir" value="C:\Project_POM\toolbelt"/>
    <property name="java.runtime.version" value="1.8.0_66-b18"/>
    <property name="java.awt.graphicsenv" value="sun.awt.Win32GraphicsEnvironment"/>
    <property name="basedir" value="C:\Project_POM\toolbelt"/>
    <property name="java.endorsed.dirs" value="C:\Program Files (x86)\Java\jdk1.8.0_66\jre\lib\endorsed"/>
    <property name="os.arch" value="x86"/>
    <property name="surefire.real.class.path" value="C:\Temp\surefirebooter4757095410388040927.jar"/>
    <property name="java.io.tmpdir" value="C:\Temp\"/>
    <property name="line.separator" value="
"/>
    <property name="java.vm.specification.vendor" value="Oracle Corporation"/>
    <property name="user.variant" value=""/>
    <property name="os.name" value="Windows 7"/>
    <property name="sun.jnu.encoding" value="Cp1252"/>
    <property name="xml" value="toolbelt"/>
    <property name="jnidispatch.path" value="C:\Temp\jna--702741736\jna6133669866240105625.dll"/>
    <property name="java.library.path" value="C:\Program Files (x86)\Java\jdk1.8.0_66\jre\bin;C:\Windows\Sun\Java\bin;C:\Windows\system32;C:\Windows;C:\ProgramData\Oracle\Java\javapath;C:\Program Files (x86)\NVIDIA Corporation\PhysX\Common;C:\Windows\system32;C:\Windows;C:\Windows\System32\Wbem;C:\Windows\System32\WindowsPowerShell\v1.0\;C:\Program Files (x86)\QuickTime\QTSystem\;C:\Program Files\OpenVPN\bin;C:\Program Files\TortoiseSVN\bin;C:\Maven\apache-maven-3.3.9-bin\apache-maven-3.3.9\bin;C:\Program Files (x86)\Java\jre1.8.0_66\bin;C:\Program Files (x86)\Java\jdk1.8.0_66\bin;C:\Maven\apache-maven-3.3.9-bin\apache-maven-3.3.9\lib\;C:\Program Files\TortoiseGit\bin;C:\Program Files (x86)\Sennheiser\SoftphoneSDK\;C:\Program Files\Git\cmd;."/>
    <property name="surefire.test.class.path" value="C:\Project_POM\toolbelt\target\test-classes;C:\Project_POM\toolbelt\target\classes;C:\Users\502025169\.m2\repository\junit\junit\3.8.1\junit-3.8.1.jar;C:\Users\502025169\.m2\repository\org\testng\testng\6.8\testng-6.8.jar;C:\Users\502025169\.m2\repository\org\beanshell\bsh\2.0b4\bsh-2.0b4.jar;C:\Users\502025169\.m2\repository\com\beust\jcommander\1.27\jcommander-1.27.jar;C:\Users\502025169\.m2\repository\org\yaml\snakeyaml\1.6\snakeyaml-1.6.jar;C:\Users\502025169\.m2\repository\org\seleniumhq\selenium\selenium-java\2.53.0\selenium-java-2.53.0.jar;C:\Users\502025169\.m2\repository\org\seleniumhq\selenium\selenium-chrome-driver\2.53.0\selenium-chrome-driver-2.53.0.jar;C:\Users\502025169\.m2\repository\org\seleniumhq\selenium\selenium-remote-driver\2.53.0\selenium-remote-driver-2.53.0.jar;C:\Users\502025169\.m2\repository\cglib\cglib-nodep\2.1_3\cglib-nodep-2.1_3.jar;C:\Users\502025169\.m2\repository\com\google\code\gson\gson\2.3.1\gson-2.3.1.jar;C:\Users\502025169\.m2\repository\org\seleniumhq\selenium\selenium-api\2.53.0\selenium-api-2.53.0.jar;C:\Users\502025169\.m2\repository\com\google\guava\guava\19.0\guava-19.0.jar;C:\Users\502025169\.m2\repository\org\seleniumhq\selenium\selenium-edge-driver\2.53.0\selenium-edge-driver-2.53.0.jar;C:\Users\502025169\.m2\repository\commons-io\commons-io\2.4\commons-io-2.4.jar;C:\Users\502025169\.m2\repository\org\apache\commons\commons-exec\1.3\commons-exec-1.3.jar;C:\Users\502025169\.m2\repository\org\seleniumhq\selenium\selenium-firefox-driver\2.53.0\selenium-firefox-driver-2.53.0.jar;C:\Users\502025169\.m2\repository\org\seleniumhq\selenium\selenium-ie-driver\2.53.0\selenium-ie-driver-2.53.0.jar;C:\Users\502025169\.m2\repository\net\java\dev\jna\jna\4.1.0\jna-4.1.0.jar;C:\Users\502025169\.m2\repository\net\java\dev\jna\jna-platform\4.1.0\jna-platform-4.1.0.jar;C:\Users\502025169\.m2\repository\org\seleniumhq\selenium\selenium-safari-driver\2.53.0\selenium-safari-driver-2.53.0.jar;C:\Users\502025169\.m2\repository\io\netty\netty\3.5.7.Final\netty-3.5.7.Final.jar;C:\Users\502025169\.m2\repository\org\seleniumhq\selenium\selenium-support\2.53.0\selenium-support-2.53.0.jar;C:\Users\502025169\.m2\repository\org\seleniumhq\selenium\selenium-leg-rc\2.53.0\selenium-leg-rc-2.53.0.jar;C:\Users\502025169\.m2\repository\com\jayway\restassured\rest-assured\2.9.0\rest-assured-2.9.0.jar;C:\Users\502025169\.m2\repository\org\codehaus\groovy\groovy\2.4.4\groovy-2.4.4.jar;C:\Users\502025169\.m2\repository\org\codehaus\groovy\groovy-xml\2.4.4\groovy-xml-2.4.4.jar;C:\Users\502025169\.m2\repository\org\apache\httpcomponents\httpclient\4.5.1\httpclient-4.5.1.jar;C:\Users\502025169\.m2\repository\org\apache\httpcomponents\httpcore\4.4.3\httpcore-4.4.3.jar;C:\Users\502025169\.m2\repository\commons-logging\commons-logging\1.2\commons-logging-1.2.jar;C:\Users\502025169\.m2\repository\commons-codec\commons-codec\1.9\commons-codec-1.9.jar;C:\Users\502025169\.m2\repository\org\apache\httpcomponents\httpmime\4.5.1\httpmime-4.5.1.jar;C:\Users\502025169\.m2\repository\org\hamcrest\hamcrest-core\1.3\hamcrest-core-1.3.jar;C:\Users\502025169\.m2\repository\org\hamcrest\hamcrest-library\1.3\hamcrest-library-1.3.jar;C:\Users\502025169\.m2\repository\org\ccil\cowan\tagsoup\tagsoup\1.2.1\tagsoup-1.2.1.jar;C:\Users\502025169\.m2\repository\com\jayway\restassured\json-path\2.9.0\json-path-2.9.0.jar;C:\Users\502025169\.m2\repository\org\codehaus\groovy\groovy-json\2.4.4\groovy-json-2.4.4.jar;C:\Users\502025169\.m2\repository\com\jayway\restassured\rest-assured-common\2.9.0\rest-assured-common-2.9.0.jar;C:\Users\502025169\.m2\repository\com\jayway\restassured\xml-path\2.9.0\xml-path-2.9.0.jar;C:\Users\502025169\.m2\repository\org\apache\commons\commons-lang3\3.3.2\commons-lang3-3.3.2.jar;C:\Users\502025169\.m2\repository\org\json\json\20160212\json-20160212.jar;"/>
    <property name="partnerIds" value=""/>
    <property name="java.class.version" value="52.0"/>
    <property name="testrailuname" value=""/>
    <property name="java.specification.name" value="Java Platform API Specification"/>
    <property name="sun.management.compiler" value="HotSpot Client Compiler"/>
    <property name="os.version" value="6.1"/>
    <property name="user.home" value="C:\Users\502025169"/>
    <property name="user.timezone" value="America/New_York"/>
    <property name="browsername" value=""/>
    <property name="java.awt.printerjob" value="sun.awt.windows.WPrinterJob"/>
    <property name="java.specification.version" value="1.8"/>
    <property name="file.encoding" value="Cp1252"/>
    <property name="testgroups" value=""/>
    <property name="user.name" value="502025169"/>
    <property name="java.class.path" value="C:\Project_POM\toolbelt\target\test-classes;C:\Project_POM\toolbelt\target\classes;C:\Users\502025169\.m2\repository\junit\junit\3.8.1\junit-3.8.1.jar;C:\Users\502025169\.m2\repository\org\testng\testng\6.8\testng-6.8.jar;C:\Users\502025169\.m2\repository\org\beanshell\bsh\2.0b4\bsh-2.0b4.jar;C:\Users\502025169\.m2\repository\com\beust\jcommander\1.27\jcommander-1.27.jar;C:\Users\502025169\.m2\repository\org\yaml\snakeyaml\1.6\snakeyaml-1.6.jar;C:\Users\502025169\.m2\repository\org\seleniumhq\selenium\selenium-java\2.53.0\selenium-java-2.53.0.jar;C:\Users\502025169\.m2\repository\org\seleniumhq\selenium\selenium-chrome-driver\2.53.0\selenium-chrome-driver-2.53.0.jar;C:\Users\502025169\.m2\repository\org\seleniumhq\selenium\selenium-remote-driver\2.53.0\selenium-remote-driver-2.53.0.jar;C:\Users\502025169\.m2\repository\cglib\cglib-nodep\2.1_3\cglib-nodep-2.1_3.jar;C:\Users\502025169\.m2\repository\com\google\code\gson\gson\2.3.1\gson-2.3.1.jar;C:\Users\502025169\.m2\repository\org\seleniumhq\selenium\selenium-api\2.53.0\selenium-api-2.53.0.jar;C:\Users\502025169\.m2\repository\com\google\guava\guava\19.0\guava-19.0.jar;C:\Users\502025169\.m2\repository\org\seleniumhq\selenium\selenium-edge-driver\2.53.0\selenium-edge-driver-2.53.0.jar;C:\Users\502025169\.m2\repository\commons-io\commons-io\2.4\commons-io-2.4.jar;C:\Users\502025169\.m2\repository\org\apache\commons\commons-exec\1.3\commons-exec-1.3.jar;C:\Users\502025169\.m2\repository\org\seleniumhq\selenium\selenium-firefox-driver\2.53.0\selenium-firefox-driver-2.53.0.jar;C:\Users\502025169\.m2\repository\org\seleniumhq\selenium\selenium-ie-driver\2.53.0\selenium-ie-driver-2.53.0.jar;C:\Users\502025169\.m2\repository\net\java\dev\jna\jna\4.1.0\jna-4.1.0.jar;C:\Users\502025169\.m2\repository\net\java\dev\jna\jna-platform\4.1.0\jna-platform-4.1.0.jar;C:\Users\502025169\.m2\repository\org\seleniumhq\selenium\selenium-safari-driver\2.53.0\selenium-safari-driver-2.53.0.jar;C:\Users\502025169\.m2\repository\io\netty\netty\3.5.7.Final\netty-3.5.7.Final.jar;C:\Users\502025169\.m2\repository\org\seleniumhq\selenium\selenium-support\2.53.0\selenium-support-2.53.0.jar;C:\Users\502025169\.m2\repository\org\seleniumhq\selenium\selenium-leg-rc\2.53.0\selenium-leg-rc-2.53.0.jar;C:\Users\502025169\.m2\repository\com\jayway\restassured\rest-assured\2.9.0\rest-assured-2.9.0.jar;C:\Users\502025169\.m2\repository\org\codehaus\groovy\groovy\2.4.4\groovy-2.4.4.jar;C:\Users\502025169\.m2\repository\org\codehaus\groovy\groovy-xml\2.4.4\groovy-xml-2.4.4.jar;C:\Users\502025169\.m2\repository\org\apache\httpcomponents\httpclient\4.5.1\httpclient-4.5.1.jar;C:\Users\502025169\.m2\repository\org\apache\httpcomponents\httpcore\4.4.3\httpcore-4.4.3.jar;C:\Users\502025169\.m2\repository\commons-logging\commons-logging\1.2\commons-logging-1.2.jar;C:\Users\502025169\.m2\repository\commons-codec\commons-codec\1.9\commons-codec-1.9.jar;C:\Users\502025169\.m2\repository\org\apache\httpcomponents\httpmime\4.5.1\httpmime-4.5.1.jar;C:\Users\502025169\.m2\repository\org\hamcrest\hamcrest-core\1.3\hamcrest-core-1.3.jar;C:\Users\502025169\.m2\repository\org\hamcrest\hamcrest-library\1.3\hamcrest-library-1.3.jar;C:\Users\502025169\.m2\repository\org\ccil\cowan\tagsoup\tagsoup\1.2.1\tagsoup-1.2.1.jar;C:\Users\502025169\.m2\repository\com\jayway\restassured\json-path\2.9.0\json-path-2.9.0.jar;C:\Users\502025169\.m2\repository\org\codehaus\groovy\groovy-json\2.4.4\groovy-json-2.4.4.jar;C:\Users\502025169\.m2\repository\com\jayway\restassured\rest-assured-common\2.9.0\rest-assured-common-2.9.0.jar;C:\Users\502025169\.m2\repository\com\jayway\restassured\xml-path\2.9.0\xml-path-2.9.0.jar;C:\Users\502025169\.m2\repository\org\apache\commons\commons-lang3\3.3.2\commons-lang3-3.3.2.jar;C:\Users\502025169\.m2\repository\org\json\json\20160212\json-20160212.jar;"/>
    <property name="java.vm.specification.version" value="1.8"/>
    <property name="sun.arch.data.model" value="32"/>
    <property name="java.home" value="C:\Program Files (x86)\Java\jdk1.8.0_66\jre"/>
    <property name="sun.java.command" value="C:\Temp\surefirebooter4757095410388040927.jar C:\Temp\surefire1686971649041638284tmp C:\Temp\surefire756339910858625126tmp"/>
    <property name="testenv" value=""/>
    <property name="java.specification.vendor" value="Oracle Corporation"/>
    <property name="user.language" value="en"/>
    <property name="awt.toolkit" value="sun.awt.windows.WToolkit"/>
    <property name="java.vm.info" value="mixed mode"/>
    <property name="java.version" value="1.8.0_66"/>
    <property name="java.ext.dirs" value="C:\Program Files (x86)\Java\jdk1.8.0_66\jre\lib\ext;C:\Windows\Sun\Java\lib\ext"/>
    <property name="sun.boot.class.path" value="C:\Program Files (x86)\Java\jdk1.8.0_66\jre\lib\resources.jar;C:\Program Files (x86)\Java\jdk1.8.0_66\jre\lib\rt.jar;C:\Program Files (x86)\Java\jdk1.8.0_66\jre\lib\sunrsasign.jar;C:\Program Files (x86)\Java\jdk1.8.0_66\jre\lib\jsse.jar;C:\Program Files (x86)\Java\jdk1.8.0_66\jre\lib\jce.jar;C:\Program Files (x86)\Java\jdk1.8.0_66\jre\lib\charsets.jar;C:\Program Files (x86)\Java\jdk1.8.0_66\jre\lib\jfr.jar;C:\Program Files (x86)\Java\jdk1.8.0_66\jre\classes"/>
    <property name="webdriver.chrome.driver" value="C:/Project_POM/toolbelt/src/test/resources/chromedriver.exe"/>
    <property name="java.vendor" value="Oracle Corporation"/>
    <property name="localRepository" value="C:\Users\502025169\.m2\repository"/>
    <property name="file.separator" value="\"/>
    <property name="projectid" value=""/>
    <property name="java.vendor.url.bug" value="http://bugreport.sun.com/bugreport/"/>
    <property name="serviceName" value=""/>
    <property name="sun.cpu.endian" value="little"/>
    <property name="sun.io.unicode.encoding" value="UnicodeLittle"/>
    <property name="sun.desktop" value="windows"/>
    <property name="testrailrunid" value=""/>
    <property name="sun.cpu.isalist" value="pentium_pro+mmx pentium_pro pentium+mmx pentium i486 i386 i86"/>
  </properties>
  <testcase classname="com.Test.loginValidation" name="loginWithValideDetail" time="21.318"/>
  <testcase classname="com.Test.loginValidation" name="loginWithWrongDetail" time="23.927">
    <failure message="expected [Access Denied / User Login | tool - belt] but found [tool - belt]" type="java.lang.AssertionError">java.lang.AssertionError: expected [Access Denied / User Login | tool - belt] but found [tool - belt]
	at org.testng.Assert.fail(Assert.java:94)
	at org.testng.Assert.failNotEquals(Assert.java:494)
	at org.testng.Assert.assertEquals(Assert.java:123)
	at org.testng.Assert.assertEquals(Assert.java:176)
	at org.testng.Assert.assertEquals(Assert.java:186)
	at com.Test.loginValidation.loginWithWrongDetail(loginValidation.java:38)
</failure>
  </testcase>
  <testcase classname="com.Test.loginValidation" name="requestForNewPasswrod" time="2.076"/>
  <testcase classname="com.Test.loginValidation" name="searchAssetByType" time="19.343"/>
  <testcase classname="com.Test.searchValidation" name="searchassetbyflag" time="25.315">
    <failure type="java.lang.NullPointerException">java.lang.NullPointerException
	at com.Test.searchValidation.searchassetbyflag(searchValidation.java:40)
</failure>
  </testcase>
  <testcase classname="com.Test.searchValidation" name="searchassetbykeyword" time="21.411">
    <failure type="java.lang.NullPointerException">java.lang.NullPointerException
	at com.Test.searchValidation.searchassetbykeyword(searchValidation.java:50)
</failure>
  </testcase>
  <testcase classname="com.Test.searchValidation" name="searchassetbystatus" time="22.312">
    <failure type="java.lang.NullPointerException">java.lang.NullPointerException
	at com.Test.searchValidation.searchassetbystatus(searchValidation.java:59)
</failure>
  </testcase>
  <testcase classname="com.Test.searchValidation" name="searchassetbytype" time="12.807"/>
</testsuite>